# JRE version: OpenJDK Runtime Environment Temurin-17.0.11+9 (17.0.11+9) (build 17.0.11+9)
# Java VM: OpenJDK 64-Bit Server VM Temurin-17.0.11+9 (17.0.11+9, mixed mode, tiered, compressed oops, compressed class ptrs, parallel gc, windows-amd64)
GC Precious Log:
 CPUs: 4 total, 4 available
 Memory: 8087M
 Large Page Support: Disabled
 NUMA Support: Disabled
 Compressed Oops: Enabled (32-bit)
 Alignments: Space 512K, Generation 512K, Heap 2M
 Heap Min Capacity: 100M
 Heap Initial Capacity: 100M
 Heap Max Capacity: 1G
 Pre-touch: Disabled
 Parallel Workers: 4
Heap:
 PSYoungGen      total 57856K, used 28756K [0x00000000eab00000, 0x00000000ef200000, 0x0000000100000000)
  eden space 47104K, 39% used [0x00000000eab00000,0x00000000ebcf1f30,0x00000000ed900000)
  from space 10752K, 96% used [0x00000000ee780000,0x00000000ef1a3410,0x00000000ef200000)
  to   space 11776K, 0% used [0x00000000edb00000,0x00000000edb00000,0x00000000ee680000)
 ParOldGen       total 416768K, used 356785K [0x00000000c0000000, 0x00000000d9700000, 0x00000000eab00000)
  object space 416768K, 85% used [0x00000000c0000000,0x00000000d5c6c540,0x00000000d9700000)
 Metaspace       used 87478K, committed 89088K, reserved 1179648K
  class space    used 9137K, committed 9856K, reserved 1048576K
GC Heap History (20 events):
Event: 171.524 GC heap before
{Heap before GC invocations=182 (full 11):
 PSYoungGen      total 66048K, used 66032K [0x00000000eab00000, 0x00000000efb80000, 0x0000000100000000)
  eden space 55808K, 100% used [0x00000000eab00000,0x00000000ee180000,0x00000000ee180000)
  from space 10240K, 99% used [0x00000000ee480000,0x00000000eee7c190,0x00000000eee80000)
  to   space 13312K, 0% used [0x00000000eee80000,0x00000000eee80000,0x00000000efb80000)
 ParOldGen       total 416768K, used 340758K [0x00000000c0000000, 0x00000000d9700000, 0x00000000eab00000)
  object space 416768K, 81% used [0x00000000c0000000,0x00000000d4cc5ad8,0x00000000d9700000)
 Metaspace       used 79636K, committed 81152K, reserved 1179648K
  class space    used 8386K, committed 9088K, reserved 1048576K
}
Event: 171.531 GC heap after
{Heap after GC invocations=182 (full 11):
 PSYoungGen      total 63488K, used 8672K [0x00000000eab00000, 0x00000000ef700000, 0x0000000100000000)
  eden space 54784K, 0% used [0x00000000eab00000,0x00000000eab00000,0x00000000ee080000)
  from space 8704K, 99% used [0x00000000eee80000,0x00000000ef6f8098,0x00000000ef700000)
  to   space 10240K, 0% used [0x00000000ee300000,0x00000000ee300000,0x00000000eed00000)
 ParOldGen       total 416768K, used 341155K [0x00000000c0000000, 0x00000000d9700000, 0x00000000eab00000)
  object space 416768K, 81% used [0x00000000c0000000,0x00000000d4d28ea8,0x00000000d9700000)
 Metaspace       used 79636K, committed 81152K, reserved 1179648K
  class space    used 8386K, committed 9088K, reserved 1048576K
}
Event: 310.645 GC heap before
{Heap before GC invocations=183 (full 11):
 PSYoungGen      total 63488K, used 63456K [0x00000000eab00000, 0x00000000ef700000, 0x0000000100000000)
  eden space 54784K, 100% used [0x00000000eab00000,0x00000000ee080000,0x00000000ee080000)
  from space 8704K, 99% used [0x00000000eee80000,0x00000000ef6f8098,0x00000000ef700000)
  to   space 10240K, 0% used [0x00000000ee300000,0x00000000ee300000,0x00000000eed00000)
 ParOldGen       total 416768K, used 341155K [0x00000000c0000000, 0x00000000d9700000, 0x00000000eab00000)
  object space 416768K, 81% used [0x00000000c0000000,0x00000000d4d28ea8,0x00000000d9700000)
 Metaspace       used 80018K, committed 81600K, reserved 1179648K
  class space    used 8407K, committed 9088K, reserved 1048576K
}
Event: 310.652 GC heap after
{Heap after GC invocations=183 (full 11):
 PSYoungGen      total 63488K, used 9431K [0x00000000eab00000, 0x00000000ef280000, 0x0000000100000000)
  eden space 53760K, 0% used [0x00000000eab00000,0x00000000eab00000,0x00000000edf80000)
  from space 9728K, 96% used [0x00000000ee300000,0x00000000eec35c28,0x00000000eec80000)
  to   space 6144K, 0% used [0x00000000eec80000,0x00000000eec80000,0x00000000ef280000)
 ParOldGen       total 416768K, used 341163K [0x00000000c0000000, 0x00000000d9700000, 0x00000000eab00000)
  object space 416768K, 81% used [0x00000000c0000000,0x00000000d4d2aea8,0x00000000d9700000)
 Metaspace       used 80018K, committed 81600K, reserved 1179648K
  class space    used 8407K, committed 9088K, reserved 1048576K
}
Event: 435.864 GC heap before
{Heap before GC invocations=184 (full 11):
 PSYoungGen      total 63488K, used 63191K [0x00000000eab00000, 0x00000000ef280000, 0x0000000100000000)
  eden space 53760K, 100% used [0x00000000eab00000,0x00000000edf80000,0x00000000edf80000)
  from space 9728K, 96% used [0x00000000ee300000,0x00000000eec35c28,0x00000000eec80000)
  to   space 6144K, 0% used [0x00000000eec80000,0x00000000eec80000,0x00000000ef280000)
 ParOldGen       total 416768K, used 341163K [0x00000000c0000000, 0x00000000d9700000, 0x00000000eab00000)
  object space 416768K, 81% used [0x00000000c0000000,0x00000000d4d2aea8,0x00000000d9700000)
 Metaspace       used 84285K, committed 85824K, reserved 1179648K
  class space    used 8932K, committed 9600K, reserved 1048576K
}
Event: 435.872 GC heap after
{Heap after GC invocations=184 (full 11):
 PSYoungGen      total 58880K, used 6135K [0x00000000eab00000, 0x00000000ef580000, 0x0000000100000000)
  eden space 52736K, 0% used [0x00000000eab00000,0x00000000eab00000,0x00000000ede80000)
  from space 6144K, 99% used [0x00000000eec80000,0x00000000ef27dc08,0x00000000ef280000)
  to   space 11776K, 0% used [0x00000000ede80000,0x00000000ede80000,0x00000000eea00000)
 ParOldGen       total 416768K, used 346304K [0x00000000c0000000, 0x00000000d9700000, 0x00000000eab00000)
  object space 416768K, 83% used [0x00000000c0000000,0x00000000d5230130,0x00000000d9700000)
 Metaspace       used 84285K, committed 85824K, reserved 1179648K
  class space    used 8932K, committed 9600K, reserved 1048576K
}
Event: 545.762 GC heap before
{Heap before GC invocations=185 (full 11):
 PSYoungGen      total 58880K, used 58871K [0x00000000eab00000, 0x00000000ef580000, 0x0000000100000000)
  eden space 52736K, 100% used [0x00000000eab00000,0x00000000ede80000,0x00000000ede80000)
  from space 6144K, 99% used [0x00000000eec80000,0x00000000ef27dc08,0x00000000ef280000)
  to   space 11776K, 0% used [0x00000000ede80000,0x00000000ede80000,0x00000000eea00000)
 ParOldGen       total 416768K, used 346304K [0x00000000c0000000, 0x00000000d9700000, 0x00000000eab00000)
  object space 416768K, 83% used [0x00000000c0000000,0x00000000d5230130,0x00000000d9700000)
 Metaspace       used 84473K, committed 85952K, reserved 1179648K
  class space    used 8936K, committed 9600K, reserved 1048576K
}
Event: 545.770 GC heap after
{Heap after GC invocations=185 (full 11):
 PSYoungGen      total 59904K, used 7891K [0x00000000eab00000, 0x00000000eef80000, 0x0000000100000000)
  eden space 51712K, 0% used [0x00000000eab00000,0x00000000eab00000,0x00000000edd80000)
  from space 8192K, 96% used [0x00000000ede80000,0x00000000ee634c78,0x00000000ee680000)
  to   space 9216K, 0% used [0x00000000ee680000,0x00000000ee680000,0x00000000eef80000)
 ParOldGen       total 416768K, used 346520K [0x00000000c0000000, 0x00000000d9700000, 0x00000000eab00000)
  object space 416768K, 83% used [0x00000000c0000000,0x00000000d5266150,0x00000000d9700000)
 Metaspace       used 84473K, committed 85952K, reserved 1179648K
  class space    used 8936K, committed 9600K, reserved 1048576K
}
Event: 574.559 GC heap before
{Heap before GC invocations=186 (full 11):
 PSYoungGen      total 59904K, used 58194K [0x00000000eab00000, 0x00000000eef80000, 0x0000000100000000)
  eden space 51712K, 97% used [0x00000000eab00000,0x00000000edc1fef0,0x00000000edd80000)
  from space 8192K, 96% used [0x00000000ede80000,0x00000000ee634c78,0x00000000ee680000)
  to   space 9216K, 0% used [0x00000000ee680000,0x00000000ee680000,0x00000000eef80000)
 ParOldGen       total 416768K, used 346520K [0x00000000c0000000, 0x00000000d9700000, 0x00000000eab00000)
  object space 416768K, 83% used [0x00000000c0000000,0x00000000d5266150,0x00000000d9700000)
 Metaspace       used 84739K, committed 86208K, reserved 1179648K
  class space    used 8939K, committed 9600K, reserved 1048576K
}
Event: 574.567 GC heap after
{Heap after GC invocations=186 (full 11):
 PSYoungGen      total 59392K, used 8212K [0x00000000eab00000, 0x00000000eef00000, 0x0000000100000000)
  eden space 50688K, 0% used [0x00000000eab00000,0x00000000eab00000,0x00000000edc80000)
  from space 8704K, 94% used [0x00000000ee680000,0x00000000eee85168,0x00000000eef00000)
  to   space 8704K, 0% used [0x00000000ede00000,0x00000000ede00000,0x00000000ee680000)
 ParOldGen       total 416768K, used 346528K [0x00000000c0000000, 0x00000000d9700000, 0x00000000eab00000)
  object space 416768K, 83% used [0x00000000c0000000,0x00000000d5268150,0x00000000d9700000)
 Metaspace       used 84739K, committed 86208K, reserved 1179648K
  class space    used 8939K, committed 9600K, reserved 1048576K
}
Event: 834.287 GC heap before
{Heap before GC invocations=187 (full 11):
 PSYoungGen      total 59392K, used 58900K [0x00000000eab00000, 0x00000000eef00000, 0x0000000100000000)
  eden space 50688K, 100% used [0x00000000eab00000,0x00000000edc80000,0x00000000edc80000)
  from space 8704K, 94% used [0x00000000ee680000,0x00000000eee85168,0x00000000eef00000)
  to   space 8704K, 0% used [0x00000000ede00000,0x00000000ede00000,0x00000000ee680000)
 ParOldGen       total 416768K, used 346528K [0x00000000c0000000, 0x00000000d9700000, 0x00000000eab00000)
  object space 416768K, 83% used [0x00000000c0000000,0x00000000d5268150,0x00000000d9700000)
 Metaspace       used 85179K, committed 86784K, reserved 1179648K
  class space    used 8954K, committed 9664K, reserved 1048576K
}
Event: 834.297 GC heap after
{Heap after GC invocations=187 (full 11):
 PSYoungGen      total 58368K, used 8701K [0x00000000eab00000, 0x00000000eed80000, 0x0000000100000000)
  eden space 49664K, 0% used [0x00000000eab00000,0x00000000eab00000,0x00000000edb80000)
  from space 8704K, 99% used [0x00000000ede00000,0x00000000ee67f550,0x00000000ee680000)
  to   space 7168K, 0% used [0x00000000ee680000,0x00000000ee680000,0x00000000eed80000)
 ParOldGen       total 416768K, used 346694K [0x00000000c0000000, 0x00000000d9700000, 0x00000000eab00000)
  object space 416768K, 83% used [0x00000000c0000000,0x00000000d52919c8,0x00000000d9700000)
 Metaspace       used 85179K, committed 86784K, reserved 1179648K
  class space    used 8954K, committed 9664K, reserved 1048576K
}
Event: 835.229 GC heap before
{Heap before GC invocations=188 (full 11):
 PSYoungGen      total 58368K, used 58365K [0x00000000eab00000, 0x00000000eed80000, 0x0000000100000000)
  eden space 49664K, 100% used [0x00000000eab00000,0x00000000edb80000,0x00000000edb80000)
  from space 8704K, 99% used [0x00000000ede00000,0x00000000ee67f550,0x00000000ee680000)
  to   space 7168K, 0% used [0x00000000ee680000,0x00000000ee680000,0x00000000eed80000)
 ParOldGen       total 416768K, used 346694K [0x00000000c0000000, 0x00000000d9700000, 0x00000000eab00000)
  object space 416768K, 83% used [0x00000000c0000000,0x00000000d52919c8,0x00000000d9700000)
 Metaspace       used 85980K, committed 87552K, reserved 1179648K
  class space    used 9028K, committed 9728K, reserved 1048576K
}
Event: 835.239 GC heap after
{Heap after GC invocations=188 (full 11):
 PSYoungGen      total 56320K, used 7157K [0x00000000eab00000, 0x00000000eef00000, 0x0000000100000000)
  eden space 49152K, 0% used [0x00000000eab00000,0x00000000eab00000,0x00000000edb00000)
  from space 7168K, 99% used [0x00000000ee680000,0x00000000eed7d568,0x00000000eed80000)
  to   space 10240K, 0% used [0x00000000edb00000,0x00000000edb00000,0x00000000ee500000)
 ParOldGen       total 416768K, used 349425K [0x00000000c0000000, 0x00000000d9700000, 0x00000000eab00000)
  object space 416768K, 83% used [0x00000000c0000000,0x00000000d553c5a0,0x00000000d9700000)
 Metaspace       used 85980K, committed 87552K, reserved 1179648K
  class space    used 9028K, committed 9728K, reserved 1048576K
}
Event: 836.704 GC heap before
{Heap before GC invocations=189 (full 11):
 PSYoungGen      total 56320K, used 56309K [0x00000000eab00000, 0x00000000eef00000, 0x0000000100000000)
  eden space 49152K, 100% used [0x00000000eab00000,0x00000000edb00000,0x00000000edb00000)
  from space 7168K, 99% used [0x00000000ee680000,0x00000000eed7d568,0x00000000eed80000)
  to   space 10240K, 0% used [0x00000000edb00000,0x00000000edb00000,0x00000000ee500000)
 ParOldGen       total 416768K, used 349425K [0x00000000c0000000, 0x00000000d9700000, 0x00000000eab00000)
  object space 416768K, 83% used [0x00000000c0000000,0x00000000d553c5a0,0x00000000d9700000)
 Metaspace       used 86318K, committed 87872K, reserved 1179648K
  class space    used 9057K, committed 9728K, reserved 1048576K
}
Event: 836.713 GC heap after
{Heap after GC invocations=189 (full 11):
 PSYoungGen      total 56832K, used 7740K [0x00000000eab00000, 0x00000000eeb80000, 0x0000000100000000)
  eden space 48640K, 0% used [0x00000000eab00000,0x00000000eab00000,0x00000000eda80000)
  from space 8192K, 94% used [0x00000000edb00000,0x00000000ee28f0f0,0x00000000ee300000)
  to   space 8704K, 0% used [0x00000000ee300000,0x00000000ee300000,0x00000000eeb80000)
 ParOldGen       total 416768K, used 350233K [0x00000000c0000000, 0x00000000d9700000, 0x00000000eab00000)
  object space 416768K, 84% used [0x00000000c0000000,0x00000000d56065c0,0x00000000d9700000)
 Metaspace       used 86318K, committed 87872K, reserved 1179648K
  class space    used 9057K, committed 9728K, reserved 1048576K
}
Event: 888.473 GC heap before
{Heap before GC invocations=190 (full 11):
 PSYoungGen      total 56832K, used 56380K [0x00000000eab00000, 0x00000000eeb80000, 0x0000000100000000)
  eden space 48640K, 100% used [0x00000000eab00000,0x00000000eda80000,0x00000000eda80000)
  from space 8192K, 94% used [0x00000000edb00000,0x00000000ee28f0f0,0x00000000ee300000)
  to   space 8704K, 0% used [0x00000000ee300000,0x00000000ee300000,0x00000000eeb80000)
 ParOldGen       total 416768K, used 350233K [0x00000000c0000000, 0x00000000d9700000, 0x00000000eab00000)
  object space 416768K, 84% used [0x00000000c0000000,0x00000000d56065c0,0x00000000d9700000)
 Metaspace       used 86824K, committed 88448K, reserved 1179648K
  class space    used 9092K, committed 9792K, reserved 1048576K
}
Event: 888.478 GC heap after
{Heap after GC invocations=190 (full 11):
 PSYoungGen      total 54272K, used 5805K [0x00000000eab00000, 0x00000000ee900000, 0x0000000100000000)
  eden space 48128K, 0% used [0x00000000eab00000,0x00000000eab00000,0x00000000eda00000)
  from space 6144K, 94% used [0x00000000ee300000,0x00000000ee8ab570,0x00000000ee900000)
  to   space 6656K, 0% used [0x00000000edc00000,0x00000000edc00000,0x00000000ee280000)
 ParOldGen       total 416768K, used 350241K [0x00000000c0000000, 0x00000000d9700000, 0x00000000eab00000)
  object space 416768K, 84% used [0x00000000c0000000,0x00000000d56085c0,0x00000000d9700000)
 Metaspace       used 86824K, committed 88448K, reserved 1179648K
  class space    used 9092K, committed 9792K, reserved 1048576K
}
Event: 889.318 GC heap before
{Heap before GC invocations=191 (full 11):
 PSYoungGen      total 54272K, used 53931K [0x00000000eab00000, 0x00000000ee900000, 0x0000000100000000)
  eden space 48128K, 99% used [0x00000000eab00000,0x00000000ed9ff9a0,0x00000000eda00000)
  from space 6144K, 94% used [0x00000000ee300000,0x00000000ee8ab570,0x00000000ee900000)
  to   space 6656K, 0% used [0x00000000edc00000,0x00000000edc00000,0x00000000ee280000)
 ParOldGen       total 416768K, used 350241K [0x00000000c0000000, 0x00000000d9700000, 0x00000000eab00000)
  object space 416768K, 84% used [0x00000000c0000000,0x00000000d56085c0,0x00000000d9700000)
 Metaspace       used 87263K, committed 88960K, reserved 1179648K
  class space    used 9122K, committed 9856K, reserved 1048576K
}
Event: 889.331 GC heap after
{Heap after GC invocations=191 (full 11):
 PSYoungGen      total 54272K, used 6639K [0x00000000eab00000, 0x00000000ef580000, 0x0000000100000000)
  eden space 47616K, 0% used [0x00000000eab00000,0x00000000eab00000,0x00000000ed980000)
  from space 6656K, 99% used [0x00000000edc00000,0x00000000ee27bef0,0x00000000ee280000)
  to   space 14336K, 0% used [0x00000000ee780000,0x00000000ee780000,0x00000000ef580000)
 ParOldGen       total 416768K, used 356553K [0x00000000c0000000, 0x00000000d9700000, 0x00000000eab00000)
  object space 416768K, 85% used [0x00000000c0000000,0x00000000d5c32540,0x00000000d9700000)
 Metaspace       used 87263K, committed 88960K, reserved 1179648K
  class space    used 9122K, committed 9856K, reserved 1048576K
}

